# JRE version: OpenJDK Runtime Environment (17.0+35) (build 17+35-2724)
# Java VM: OpenJDK 64-Bit Server VM (17+35-2724, mixed mode, sharing, tiered, compressed oops, compressed class ptrs, g1 gc, windows-amd64)
GC Precious Log:
 CPUs: 8 total, 8 available
 Memory: 6082M
 Large Page Support: Disabled
 NUMA Support: Disabled
 Compressed Oops: Enabled (32-bit)
 Heap Region Size: 1M
 Heap Min Capacity: 8M
 Heap Initial Capacity: 96M
 Heap Max Capacity: 1522M
 Pre-touch: Disabled
 Parallel Workers: 8
 Concurrent Workers: 2
 Concurrent Refinement Workers: 8
 Periodic GC: Disabled
Heap:
 garbage-first heap   total 55296K, used 31348K [0x00000000a0e00000, 0x0000000100000000)
  region size 1024K, 24 young (24576K), 7 survivors (7168K)
 Metaspace       used 25849K, committed 26176K, reserved 1073152K
  class space    used 3576K, committed 3712K, reserved 1048576K
GC Heap History (6 events):
Event: 1.436 GC heap before
{Heap before GC invocations=0 (full 0):
 garbage-first heap   total 98304K, used 22528K [0x00000000a0e00000, 0x0000000100000000)
  region size 1024K, 23 young (23552K), 0 survivors (0K)
 Metaspace       used 6298K, committed 6528K, reserved 1056768K
  class space    used 721K, committed 832K, reserved 1048576K
}
Event: 1.442 GC heap after
{Heap after GC invocations=1 (full 0):
 garbage-first heap   total 98304K, used 3698K [0x00000000a0e00000, 0x0000000100000000)
  region size 1024K, 3 young (3072K), 3 survivors (3072K)
 Metaspace       used 6298K, committed 6528K, reserved 1056768K
  class space    used 721K, committed 832K, reserved 1048576K
}
Event: 2.745 GC heap before
{Heap before GC invocations=1 (full 0):
 garbage-first heap   total 98304K, used 36466K [0x00000000a0e00000, 0x0000000100000000)
  region size 1024K, 34 young (34816K), 3 survivors (3072K)
 Metaspace       used 14188K, committed 14400K, reserved 1064960K
  class space    used 2110K, committed 2240K, reserved 1048576K
}
Event: 2.754 GC heap after
{Heap after GC invocations=2 (full 0):
 garbage-first heap   total 98304K, used 8036K [0x00000000a0e00000, 0x0000000100000000)
  region size 1024K, 4 young (4096K), 4 survivors (4096K)
 Metaspace       used 14188K, committed 14400K, reserved 1064960K
  class space    used 2110K, committed 2240K, reserved 1048576K
}
Event: 15.502 GC heap before
{Heap before GC invocations=2 (full 0):
 garbage-first heap   total 98304K, used 29540K [0x00000000a0e00000, 0x0000000100000000)
  region size 1024K, 23 young (23552K), 4 survivors (4096K)
 Metaspace       used 21256K, committed 21504K, reserved 1073152K
  class space    used 2871K, committed 3008K, reserved 1048576K
}
Event: 15.512 GC heap after
{Heap after GC invocations=3 (full 0):
 garbage-first heap   total 98304K, used 13940K [0x00000000a0e00000, 0x0000000100000000)
  region size 1024K, 7 young (7168K), 7 survivors (7168K)
 Metaspace       used 21256K, committed 21504K, reserved 1073152K
  class space    used 2871K, committed 3008K, reserved 1048576K
}

