# JRE version: OpenJDK Runtime Environment (17.0+35) (build 17+35-2724)
# Java VM: OpenJDK 64-Bit Server VM (17+35-2724, mixed mode, sharing, tiered, compressed oops, compressed class ptrs, g1 gc, windows-amd64)
GC Precious Log:
 CPUs: 8 total, 8 available
 Memory: 6082M
 Large Page Support: Disabled
 NUMA Support: Disabled
 Compressed Oops: Enabled (32-bit)
 Heap Region Size: 1M
 Heap Min Capacity: 8M
 Heap Initial Capacity: 96M
 Heap Max Capacity: 1522M
 Pre-touch: Disabled
 Parallel Workers: 8
 Concurrent Workers: 2
 Concurrent Refinement Workers: 8
 Periodic GC: Disabled
Heap:
 garbage-first heap   total 55296K, used 32354K [0x00000000a0e00000, 0x0000000100000000)
  region size 1024K, 25 young (25600K), 7 survivors (7168K)
 Metaspace       used 25838K, committed 26112K, reserved 1073152K
  class space    used 3568K, committed 3712K, reserved 1048576K
GC Heap History (6 events):
Event: 1.314 GC heap before
{Heap before GC invocations=0 (full 0):
 garbage-first heap   total 98304K, used 22528K [0x00000000a0e00000, 0x0000000100000000)
  region size 1024K, 23 young (23552K), 0 survivors (0K)
 Metaspace       used 6295K, committed 6528K, reserved 1056768K
  class space    used 722K, committed 832K, reserved 1048576K
}
Event: 1.320 GC heap after
{Heap after GC invocations=1 (full 0):
 garbage-first heap   total 98304K, used 3915K [0x00000000a0e00000, 0x0000000100000000)
  region size 1024K, 3 young (3072K), 3 survivors (3072K)
 Metaspace       used 6295K, committed 6528K, reserved 1056768K
  class space    used 722K, committed 832K, reserved 1048576K
}
Event: 2.772 GC heap before
{Heap before GC invocations=1 (full 0):
 garbage-first heap   total 98304K, used 36683K [0x00000000a0e00000, 0x0000000100000000)
  region size 1024K, 34 young (34816K), 3 survivors (3072K)
 Metaspace       used 14183K, committed 14400K, reserved 1064960K
  class space    used 2109K, committed 2240K, reserved 1048576K
}
Event: 2.785 GC heap after
{Heap after GC invocations=2 (full 0):
 garbage-first heap   total 98304K, used 8017K [0x00000000a0e00000, 0x0000000100000000)
  region size 1024K, 4 young (4096K), 4 survivors (4096K)
 Metaspace       used 14183K, committed 14400K, reserved 1064960K
  class space    used 2109K, committed 2240K, reserved 1048576K
}
Event: 15.539 GC heap before
{Heap before GC invocations=2 (full 0):
 garbage-first heap   total 98304K, used 28497K [0x00000000a0e00000, 0x0000000100000000)
  region size 1024K, 22 young (22528K), 4 survivors (4096K)
 Metaspace       used 21301K, committed 21504K, reserved 1073152K
  class space    used 2877K, committed 3008K, reserved 1048576K
}
Event: 15.549 GC heap after
{Heap after GC invocations=3 (full 0):
 garbage-first heap   total 98304K, used 13922K [0x00000000a0e00000, 0x0000000100000000)
  region size 1024K, 7 young (7168K), 7 survivors (7168K)
 Metaspace       used 21301K, committed 21504K, reserved 1073152K
  class space    used 2877K, committed 3008K, reserved 1048576K
}

